# JRE version: OpenJDK Runtime Environment Temurin-17+35 (17.0+35) (build 17+35)
# Java VM: OpenJDK 64-Bit Server VM Temurin-17+35 (17+35, mixed mode, emulated-client, tiered, compressed oops, compressed class ptrs, g1 gc, windows-amd64)
GC Precious Log:
 CPUs: 4 total, 4 available
 Memory: 8066M
 Large Page Support: Disabled
 NUMA Support: Disabled
 Compressed Oops: Enabled (32-bit)
 Heap Region Size: 1M
 Heap Min Capacity: 8M
 Heap Initial Capacity: 128M
 Heap Max Capacity: 2018M
 Pre-touch: Disabled
 Parallel Workers: 4
 Concurrent Workers: 1
 Concurrent Refinement Workers: 4
 Periodic GC: Disabled
Heap:
 garbage-first heap   total 68608K, used 17953K [0x0000000081e00000, 0x0000000100000000)
  region size 1024K, 2 young (2048K), 2 survivors (2048K)
 Metaspace       used 37237K, committed 37632K, reserved 1089536K
  class space    used 4675K, committed 4864K, reserved 1048576K
GC Heap History (20 events):
Event: 0.839 GC heap after
{Heap after GC invocations=3 (full 0):
 garbage-first heap   total 131072K, used 7466K [0x0000000081e00000, 0x0000000100000000)
  region size 1024K, 2 young (2048K), 2 survivors (2048K)
 Metaspace       used 15299K, committed 15488K, reserved 1064960K
  class space    used 1623K, committed 1728K, reserved 1048576K
}
Event: 1.173 GC heap before
{Heap before GC invocations=3 (full 0):
 garbage-first heap   total 131072K, used 36138K [0x0000000081e00000, 0x0000000100000000)
  region size 1024K, 32 young (32768K), 2 survivors (2048K)
 Metaspace       used 21352K, committed 21504K, reserved 1073152K
  class space    used 2541K, committed 2624K, reserved 1048576K
}
Event: 1.177 GC heap after
{Heap after GC invocations=4 (full 0):
 garbage-first heap   total 131072K, used 9120K [0x0000000081e00000, 0x0000000100000000)
  region size 1024K, 3 young (3072K), 3 survivors (3072K)
 Metaspace       used 21352K, committed 21504K, reserved 1073152K
  class space    used 2541K, committed 2624K, reserved 1048576K
}
Event: 1.566 GC heap before
{Heap before GC invocations=5 (full 0):
 garbage-first heap   total 34816K, used 27552K [0x0000000081e00000, 0x0000000100000000)
  region size 1024K, 22 young (22528K), 3 survivors (3072K)
 Metaspace       used 25878K, committed 26176K, reserved 1073152K
  class space    used 3089K, committed 3200K, reserved 1048576K
}
Event: 1.577 GC heap after
{Heap after GC invocations=6 (full 0):
 garbage-first heap   total 34816K, used 9899K [0x0000000081e00000, 0x0000000100000000)
  region size 1024K, 4 young (4096K), 4 survivors (4096K)
 Metaspace       used 25878K, committed 26176K, reserved 1073152K
  class space    used 3089K, committed 3200K, reserved 1048576K
}
Event: 1.591 GC heap before
{Heap before GC invocations=6 (full 0):
 garbage-first heap   total 34816K, used 10923K [0x0000000081e00000, 0x0000000100000000)
  region size 1024K, 5 young (5120K), 4 survivors (4096K)
 Metaspace       used 26135K, committed 26368K, reserved 1073152K
  class space    used 3119K, committed 3200K, reserved 1048576K
}
Event: 1.599 GC heap after
{Heap after GC invocations=7 (full 0):
 garbage-first heap   total 34816K, used 10232K [0x0000000081e00000, 0x0000000100000000)
  region size 1024K, 1 young (1024K), 1 survivors (1024K)
 Metaspace       used 26135K, committed 26368K, reserved 1073152K
  class space    used 3119K, committed 3200K, reserved 1048576K
}
Event: 1.853 GC heap before
{Heap before GC invocations=7 (full 0):
 garbage-first heap   total 34816K, used 22520K [0x0000000081e00000, 0x0000000100000000)
  region size 1024K, 14 young (14336K), 1 survivors (1024K)
 Metaspace       used 28749K, committed 28992K, reserved 1081344K
  class space    used 3475K, committed 3584K, reserved 1048576K
}
Event: 1.858 GC heap after
{Heap after GC invocations=8 (full 0):
 garbage-first heap   total 73728K, used 11059K [0x0000000081e00000, 0x0000000100000000)
  region size 1024K, 2 young (2048K), 2 survivors (2048K)
 Metaspace       used 28749K, committed 28992K, reserved 1081344K
  class space    used 3475K, committed 3584K, reserved 1048576K
}
Event: 2.078 GC heap before
{Heap before GC invocations=8 (full 0):
 garbage-first heap   total 73728K, used 52019K [0x0000000081e00000, 0x0000000100000000)
  region size 1024K, 43 young (44032K), 2 survivors (2048K)
 Metaspace       used 29506K, committed 29824K, reserved 1081344K
  class space    used 3572K, committed 3712K, reserved 1048576K
}
Event: 2.083 GC heap after
{Heap after GC invocations=9 (full 0):
 garbage-first heap   total 73728K, used 11724K [0x0000000081e00000, 0x0000000100000000)
  region size 1024K, 2 young (2048K), 2 survivors (2048K)
 Metaspace       used 29506K, committed 29824K, reserved 1081344K
  class space    used 3572K, committed 3712K, reserved 1048576K
}
Event: 2.971 GC heap before
{Heap before GC invocations=9 (full 0):
 garbage-first heap   total 73728K, used 53708K [0x0000000081e00000, 0x0000000100000000)
  region size 1024K, 43 young (44032K), 2 survivors (2048K)
 Metaspace       used 33139K, committed 33536K, reserved 1081344K
  class space    used 4126K, committed 4288K, reserved 1048576K
}
Event: 2.976 GC heap after
{Heap after GC invocations=10 (full 0):
 garbage-first heap   total 73728K, used 14437K [0x0000000081e00000, 0x0000000100000000)
  region size 1024K, 5 young (5120K), 5 survivors (5120K)
 Metaspace       used 33139K, committed 33536K, reserved 1081344K
  class space    used 4126K, committed 4288K, reserved 1048576K
}
Event: 3.370 GC heap before
{Heap before GC invocations=10 (full 0):
 garbage-first heap   total 73728K, used 37989K [0x0000000081e00000, 0x0000000100000000)
  region size 1024K, 29 young (29696K), 5 survivors (5120K)
 Metaspace       used 35762K, committed 36160K, reserved 1081344K
  class space    used 4518K, committed 4672K, reserved 1048576K
}
Event: 3.378 GC heap after
{Heap after GC invocations=11 (full 0):
 garbage-first heap   total 73728K, used 16787K [0x0000000081e00000, 0x0000000100000000)
  region size 1024K, 6 young (6144K), 6 survivors (6144K)
 Metaspace       used 35762K, committed 36160K, reserved 1081344K
  class space    used 4518K, committed 4672K, reserved 1048576K
}
Event: 3.457 GC heap before
{Heap before GC invocations=12 (full 0):
 garbage-first heap   total 68608K, used 53651K [0x0000000081e00000, 0x0000000100000000)
  region size 1024K, 43 young (44032K), 6 survivors (6144K)
 Metaspace       used 36445K, committed 36864K, reserved 1089536K
  class space    used 4589K, committed 4800K, reserved 1048576K
}
Event: 3.463 GC heap after
{Heap after GC invocations=13 (full 0):
 garbage-first heap   total 68608K, used 17455K [0x0000000081e00000, 0x0000000100000000)
  region size 1024K, 3 young (3072K), 3 survivors (3072K)
 Metaspace       used 36445K, committed 36864K, reserved 1089536K
  class space    used 4589K, committed 4800K, reserved 1048576K
}
Event: 3.465 GC heap before
{Heap before GC invocations=13 (full 0):
 garbage-first heap   total 68608K, used 18479K [0x0000000081e00000, 0x0000000100000000)
  region size 1024K, 4 young (4096K), 3 survivors (3072K)
 Metaspace       used 36445K, committed 36864K, reserved 1089536K
  class space    used 4589K, committed 4800K, reserved 1048576K
}
Event: 3.469 GC heap after
{Heap after GC invocations=14 (full 0):
 garbage-first heap   total 68608K, used 17514K [0x0000000081e00000, 0x0000000100000000)
  region size 1024K, 1 young (1024K), 1 survivors (1024K)
 Metaspace       used 36445K, committed 36864K, reserved 1089536K
  class space    used 4589K, committed 4800K, reserved 1048576K
}
Event: 3.555 GC heap before
{Heap before GC invocations=14 (full 0):
 garbage-first heap   total 68608K, used 53354K [0x0000000081e00000, 0x0000000100000000)
  region size 1024K, 37 young (37888K), 1 survivors (1024K)
 Metaspace       used 37237K, committed 37632K, reserved 1089536K
  class space    used 4675K, committed 4864K, reserved 1048576K
}

