# JRE version: OpenJDK Runtime Environment Temurin-17+35 (17.0+35) (build 17+35)
# Java VM: OpenJDK 64-Bit Server VM Temurin-17+35 (17+35, mixed mode, tiered, compressed oops, compressed class ptrs, g1 gc, windows-amd64)
GC Precious Log:
 CPUs: 4 total, 4 available
 Memory: 8066M
 Large Page Support: Disabled
 NUMA Support: Disabled
 Compressed Oops: Enabled (32-bit)
 Heap Region Size: 1M
 Heap Min Capacity: 8M
 Heap Initial Capacity: 128M
 Heap Max Capacity: 2018M
 Pre-touch: Disabled
 Parallel Workers: 4
 Concurrent Workers: 1
 Concurrent Refinement Workers: 4
 Periodic GC: Disabled
Heap:
 garbage-first heap   total 68608K, used 37181K [0x0000000081e00000, 0x0000000100000000)
  region size 1024K, 18 young (18432K), 4 survivors (4096K)
 Metaspace       used 53413K, committed 53696K, reserved 1097728K
  class space    used 6316K, committed 6464K, reserved 1048576K
GC Heap History (20 events):
Event: 2.445 GC heap before
{Heap before GC invocations=5 (full 0):
 garbage-first heap   total 45056K, used 34582K [0x0000000081e00000, 0x0000000100000000)
  region size 1024K, 26 young (26624K), 3 survivors (3072K)
 Metaspace       used 26165K, committed 26368K, reserved 1073152K
  class space    used 3059K, committed 3136K, reserved 1048576K
}
Event: 2.451 GC heap after
{Heap after GC invocations=6 (full 0):
 garbage-first heap   total 45056K, used 13389K [0x0000000081e00000, 0x0000000100000000)
  region size 1024K, 4 young (4096K), 4 survivors (4096K)
 Metaspace       used 26165K, committed 26368K, reserved 1073152K
  class space    used 3059K, committed 3136K, reserved 1048576K
}
Event: 2.657 GC heap before
{Heap before GC invocations=6 (full 0):
 garbage-first heap   total 45056K, used 27725K [0x0000000081e00000, 0x0000000100000000)
  region size 1024K, 19 young (19456K), 4 survivors (4096K)
 Metaspace       used 29703K, committed 29952K, reserved 1081344K
  class space    used 3433K, committed 3584K, reserved 1048576K
}
Event: 2.663 GC heap after
{Heap after GC invocations=7 (full 0):
 garbage-first heap   total 45056K, used 13971K [0x0000000081e00000, 0x0000000100000000)
  region size 1024K, 1 young (1024K), 1 survivors (1024K)
 Metaspace       used 29703K, committed 29952K, reserved 1081344K
  class space    used 3433K, committed 3584K, reserved 1048576K
}
Event: 2.902 GC heap before
{Heap before GC invocations=7 (full 0):
 garbage-first heap   total 45056K, used 29331K [0x0000000081e00000, 0x0000000100000000)
  region size 1024K, 17 young (17408K), 1 survivors (1024K)
 Metaspace       used 31769K, committed 32000K, reserved 1081344K
  class space    used 3729K, committed 3840K, reserved 1048576K
}
Event: 2.905 GC heap after
{Heap after GC invocations=8 (full 0):
 garbage-first heap   total 45056K, used 14834K [0x0000000081e00000, 0x0000000100000000)
  region size 1024K, 2 young (2048K), 2 survivors (2048K)
 Metaspace       used 31769K, committed 32000K, reserved 1081344K
  class space    used 3729K, committed 3840K, reserved 1048576K
}
Event: 2.910 GC heap before
{Heap before GC invocations=8 (full 0):
 garbage-first heap   total 45056K, used 30194K [0x0000000081e00000, 0x0000000100000000)
  region size 1024K, 18 young (18432K), 2 survivors (2048K)
 Metaspace       used 31771K, committed 32000K, reserved 1081344K
  class space    used 3729K, committed 3840K, reserved 1048576K
}
Event: 2.913 GC heap after
{Heap after GC invocations=9 (full 0):
 garbage-first heap   total 45056K, used 14865K [0x0000000081e00000, 0x0000000100000000)
  region size 1024K, 1 young (1024K), 1 survivors (1024K)
 Metaspace       used 31771K, committed 32000K, reserved 1081344K
  class space    used 3729K, committed 3840K, reserved 1048576K
}
Event: 2.930 GC heap before
{Heap before GC invocations=9 (full 0):
 garbage-first heap   total 45056K, used 31249K [0x0000000081e00000, 0x0000000100000000)
  region size 1024K, 18 young (18432K), 1 survivors (1024K)
 Metaspace       used 32032K, committed 32256K, reserved 1081344K
  class space    used 3744K, committed 3840K, reserved 1048576K
}
Event: 2.932 GC heap after
{Heap after GC invocations=10 (full 0):
 garbage-first heap   total 90112K, used 14865K [0x0000000081e00000, 0x0000000100000000)
  region size 1024K, 1 young (1024K), 1 survivors (1024K)
 Metaspace       used 32032K, committed 32256K, reserved 1081344K
  class space    used 3744K, committed 3840K, reserved 1048576K
}
Event: 4.307 GC heap before
{Heap before GC invocations=10 (full 0):
 garbage-first heap   total 90112K, used 51729K [0x0000000081e00000, 0x0000000100000000)
  region size 1024K, 38 young (38912K), 1 survivors (1024K)
 Metaspace       used 36043K, committed 36288K, reserved 1081344K
  class space    used 4272K, committed 4416K, reserved 1048576K
}
Event: 4.313 GC heap after
{Heap after GC invocations=11 (full 0):
 garbage-first heap   total 90112K, used 17161K [0x0000000081e00000, 0x0000000100000000)
  region size 1024K, 4 young (4096K), 4 survivors (4096K)
 Metaspace       used 36043K, committed 36288K, reserved 1081344K
  class space    used 4272K, committed 4416K, reserved 1048576K
}
Event: 5.666 GC heap before
{Heap before GC invocations=12 (full 0):
 garbage-first heap   total 68608K, used 54025K [0x0000000081e00000, 0x0000000100000000)
  region size 1024K, 40 young (40960K), 4 survivors (4096K)
 Metaspace       used 41927K, committed 42240K, reserved 1089536K
  class space    used 5015K, committed 5120K, reserved 1048576K
}
Event: 5.675 GC heap after
{Heap after GC invocations=13 (full 0):
 garbage-first heap   total 68608K, used 20469K [0x0000000081e00000, 0x0000000100000000)
  region size 1024K, 5 young (5120K), 5 survivors (5120K)
 Metaspace       used 41927K, committed 42240K, reserved 1089536K
  class space    used 5015K, committed 5120K, reserved 1048576K
}
Event: 5.725 GC heap before
{Heap before GC invocations=13 (full 0):
 garbage-first heap   total 68608K, used 50165K [0x0000000081e00000, 0x0000000100000000)
  region size 1024K, 35 young (35840K), 5 survivors (5120K)
 Metaspace       used 42053K, committed 42304K, reserved 1089536K
  class space    used 5025K, committed 5120K, reserved 1048576K
}
Event: 5.734 GC heap after
{Heap after GC invocations=14 (full 0):
 garbage-first heap   total 68608K, used 21148K [0x0000000081e00000, 0x0000000100000000)
  region size 1024K, 1 young (1024K), 1 survivors (1024K)
 Metaspace       used 42053K, committed 42304K, reserved 1089536K
  class space    used 5025K, committed 5120K, reserved 1048576K
}
Event: 6.088 GC heap before
{Heap before GC invocations=14 (full 0):
 garbage-first heap   total 68608K, used 51868K [0x0000000081e00000, 0x0000000100000000)
  region size 1024K, 32 young (32768K), 1 survivors (1024K)
 Metaspace       used 42949K, committed 43328K, reserved 1089536K
  class space    used 5135K, committed 5312K, reserved 1048576K
}
Event: 6.092 GC heap after
{Heap after GC invocations=15 (full 0):
 garbage-first heap   total 68608K, used 21364K [0x0000000081e00000, 0x0000000100000000)
  region size 1024K, 1 young (1024K), 1 survivors (1024K)
 Metaspace       used 42949K, committed 43328K, reserved 1089536K
  class space    used 5135K, committed 5312K, reserved 1048576K
}
Event: 7.242 GC heap before
{Heap before GC invocations=15 (full 0):
 garbage-first heap   total 68608K, used 53108K [0x0000000081e00000, 0x0000000100000000)
  region size 1024K, 32 young (32768K), 1 survivors (1024K)
 Metaspace       used 51638K, committed 51904K, reserved 1097728K
  class space    used 6156K, committed 6272K, reserved 1048576K
}
Event: 7.247 GC heap after
{Heap after GC invocations=16 (full 0):
 garbage-first heap   total 68608K, used 23869K [0x0000000081e00000, 0x0000000100000000)
  region size 1024K, 4 young (4096K), 4 survivors (4096K)
 Metaspace       used 51638K, committed 51904K, reserved 1097728K
  class space    used 6156K, committed 6272K, reserved 1048576K
}

