# JRE version: OpenJDK Runtime Environment Temurin-17+35 (17.0+35) (build 17+35)
# Java VM: OpenJDK 64-Bit Server VM Temurin-17+35 (17+35, mixed mode, tiered, compressed oops, compressed class ptrs, g1 gc, windows-amd64)
GC Precious Log:
 CPUs: 4 total, 4 available
 Memory: 8066M
 Large Page Support: Disabled
 NUMA Support: Disabled
 Compressed Oops: Enabled (32-bit)
 Heap Region Size: 1M
 Heap Min Capacity: 8M
 Heap Initial Capacity: 128M
 Heap Max Capacity: 2018M
 Pre-touch: Disabled
 Parallel Workers: 4
 Concurrent Workers: 1
 Concurrent Refinement Workers: 4
 Periodic GC: Disabled
Heap:
 garbage-first heap   total 100352K, used 61414K [0x0000000081e00000, 0x0000000100000000)
  region size 1024K, 20 young (20480K), 2 survivors (2048K)
 Metaspace       used 83584K, committed 84032K, reserved 1130496K
  class space    used 10532K, committed 10752K, reserved 1048576K
GC Heap History (20 events):
Event: 7.757 GC heap before
{Heap before GC invocations=16 (full 0):
 garbage-first heap   total 68608K, used 51814K [0x0000000081e00000, 0x0000000100000000)
  region size 1024K, 32 young (32768K), 4 survivors (4096K)
 Metaspace       used 56589K, committed 56960K, reserved 1105920K
  class space    used 6944K, committed 7104K, reserved 1048576K
}
Event: 7.763 GC heap after
{Heap after GC invocations=17 (full 0):
 garbage-first heap   total 68608K, used 25817K [0x0000000081e00000, 0x0000000100000000)
  region size 1024K, 2 young (2048K), 2 survivors (2048K)
 Metaspace       used 56589K, committed 56960K, reserved 1105920K
  class space    used 6944K, committed 7104K, reserved 1048576K
}
Event: 8.233 GC heap before
{Heap before GC invocations=17 (full 0):
 garbage-first heap   total 68608K, used 41177K [0x0000000081e00000, 0x0000000100000000)
  region size 1024K, 19 young (19456K), 2 survivors (2048K)
 Metaspace       used 60105K, committed 60416K, reserved 1105920K
  class space    used 7320K, committed 7488K, reserved 1048576K
}
Event: 8.238 GC heap after
{Heap after GC invocations=18 (full 0):
 garbage-first heap   total 68608K, used 27548K [0x0000000081e00000, 0x0000000100000000)
  region size 1024K, 4 young (4096K), 4 survivors (4096K)
 Metaspace       used 60105K, committed 60416K, reserved 1105920K
  class space    used 7320K, committed 7488K, reserved 1048576K
}
Event: 9.027 GC heap before
{Heap before GC invocations=19 (full 0):
 garbage-first heap   total 68608K, used 51100K [0x0000000081e00000, 0x0000000100000000)
  region size 1024K, 28 young (28672K), 4 survivors (4096K)
 Metaspace       used 64926K, committed 65344K, reserved 1114112K
  class space    used 8000K, committed 8192K, reserved 1048576K
}
Event: 9.038 GC heap after
{Heap after GC invocations=20 (full 0):
 garbage-first heap   total 68608K, used 28773K [0x0000000081e00000, 0x0000000100000000)
  region size 1024K, 4 young (4096K), 4 survivors (4096K)
 Metaspace       used 64926K, committed 65344K, reserved 1114112K
  class space    used 8000K, committed 8192K, reserved 1048576K
}
Event: 9.598 GC heap before
{Heap before GC invocations=20 (full 0):
 garbage-first heap   total 68608K, used 52325K [0x0000000081e00000, 0x0000000100000000)
  region size 1024K, 27 young (27648K), 4 survivors (4096K)
 Metaspace       used 69200K, committed 69568K, reserved 1114112K
  class space    used 8663K, committed 8832K, reserved 1048576K
}
Event: 9.603 GC heap after
{Heap after GC invocations=21 (full 0):
 garbage-first heap   total 68608K, used 29783K [0x0000000081e00000, 0x0000000100000000)
  region size 1024K, 3 young (3072K), 3 survivors (3072K)
 Metaspace       used 69200K, committed 69568K, reserved 1114112K
  class space    used 8663K, committed 8832K, reserved 1048576K
}
Event: 10.172 GC heap before
{Heap before GC invocations=21 (full 0):
 garbage-first heap   total 68608K, used 54359K [0x0000000081e00000, 0x0000000100000000)
  region size 1024K, 27 young (27648K), 3 survivors (3072K)
 Metaspace       used 73074K, committed 73536K, reserved 1114112K
  class space    used 9177K, committed 9408K, reserved 1048576K
}
Event: 10.179 GC heap after
{Heap after GC invocations=22 (full 0):
 garbage-first heap   total 68608K, used 31462K [0x0000000081e00000, 0x0000000100000000)
  region size 1024K, 3 young (3072K), 3 survivors (3072K)
 Metaspace       used 73074K, committed 73536K, reserved 1114112K
  class space    used 9177K, committed 9408K, reserved 1048576K
}
Event: 10.489 GC heap before
{Heap before GC invocations=22 (full 0):
 garbage-first heap   total 68608K, used 53990K [0x0000000081e00000, 0x0000000100000000)
  region size 1024K, 25 young (25600K), 3 survivors (3072K)
 Metaspace       used 74324K, committed 74688K, reserved 1122304K
  class space    used 9338K, committed 9536K, reserved 1048576K
}
Event: 10.494 GC heap after
{Heap after GC invocations=23 (full 0):
 garbage-first heap   total 82944K, used 32465K [0x0000000081e00000, 0x0000000100000000)
  region size 1024K, 3 young (3072K), 3 survivors (3072K)
 Metaspace       used 74324K, committed 74688K, reserved 1122304K
  class space    used 9338K, committed 9536K, reserved 1048576K
}
Event: 10.637 GC heap before
{Heap before GC invocations=23 (full 0):
 garbage-first heap   total 82944K, used 64209K [0x0000000081e00000, 0x0000000100000000)
  region size 1024K, 34 young (34816K), 3 survivors (3072K)
 Metaspace       used 74616K, committed 75008K, reserved 1122304K
  class space    used 9376K, committed 9600K, reserved 1048576K
}
Event: 10.643 GC heap after
{Heap after GC invocations=24 (full 0):
 garbage-first heap   total 82944K, used 33395K [0x0000000081e00000, 0x0000000100000000)
  region size 1024K, 4 young (4096K), 4 survivors (4096K)
 Metaspace       used 74616K, committed 75008K, reserved 1122304K
  class space    used 9376K, committed 9600K, reserved 1048576K
}
Event: 11.263 GC heap before
{Heap before GC invocations=24 (full 0):
 garbage-first heap   total 82944K, used 64115K [0x0000000081e00000, 0x0000000100000000)
  region size 1024K, 34 young (34816K), 4 survivors (4096K)
 Metaspace       used 76251K, committed 76672K, reserved 1122304K
  class space    used 9595K, committed 9792K, reserved 1048576K
}
Event: 11.272 GC heap after
{Heap after GC invocations=25 (full 0):
 garbage-first heap   total 82944K, used 35507K [0x0000000081e00000, 0x0000000100000000)
  region size 1024K, 4 young (4096K), 4 survivors (4096K)
 Metaspace       used 76251K, committed 76672K, reserved 1122304K
  class space    used 9595K, committed 9792K, reserved 1048576K
}
Event: 11.886 GC heap before
{Heap before GC invocations=25 (full 0):
 garbage-first heap   total 82944K, used 65203K [0x0000000081e00000, 0x0000000100000000)
  region size 1024K, 33 young (33792K), 4 survivors (4096K)
 Metaspace       used 77948K, committed 78336K, reserved 1122304K
  class space    used 9811K, committed 9984K, reserved 1048576K
}
Event: 11.899 GC heap after
{Heap after GC invocations=26 (full 0):
 garbage-first heap   total 82944K, used 39843K [0x0000000081e00000, 0x0000000100000000)
  region size 1024K, 5 young (5120K), 5 survivors (5120K)
 Metaspace       used 77948K, committed 78336K, reserved 1122304K
  class space    used 9811K, committed 9984K, reserved 1048576K
}
Event: 12.579 GC heap before
{Heap before GC invocations=26 (full 0):
 garbage-first heap   total 82944K, used 62371K [0x0000000081e00000, 0x0000000100000000)
  region size 1024K, 28 young (28672K), 5 survivors (5120K)
 Metaspace       used 81876K, committed 82304K, reserved 1122304K
  class space    used 10369K, committed 10560K, reserved 1048576K
}
Event: 12.586 GC heap after
{Heap after GC invocations=27 (full 0):
 garbage-first heap   total 100352K, used 40934K [0x0000000081e00000, 0x0000000100000000)
  region size 1024K, 2 young (2048K), 2 survivors (2048K)
 Metaspace       used 81876K, committed 82304K, reserved 1122304K
  class space    used 10369K, committed 10560K, reserved 1048576K
}

